<?xml version="1.0" encoding="UTF-8"?>
<testsuite xmlns:xsi="http://www.w3.org/2001/XMLSchema-instance" xsi:noNamespaceSchemaLocation="https://maven.apache.org/surefire/maven-surefire-plugin/xsd/surefire-test-report-3.0.xsd" version="3.0" name="basic.K8sBasicApplicationTests" time="3.382" tests="1" errors="0" skipped="0" failures="0">
  <properties>
[...]
</properties>
  <testcase name="contextLoads" classname="basic.K8sBasicApplicationTests" time="0.953">
    <system-out><![CDATA[15:50:51.375 [main] INFO org.springframework.test.context.support.AnnotationConfigContextLoaderUtils -- Could not detect default configuration classes for test class [basic.K8sBasicApplicationTests]: K8sBasicApplicationTests does not declare any static, non-private, non-final, nested classes annotated with @Configuration.
15:50:51.501 [main] INFO org.springframework.boot.test.context.SpringBootTestContextBootstrapper -- Found @SpringBootConfiguration basic.K8sBasicApplication for test class basic.K8sBasicApplicationTests
15:50:51.696 [main] INFO org.springframework.boot.devtools.restart.RestartApplicationListener -- Restart disabled due to context in which it is running

  .   ____          _            __ _ _
 /\\ / ___'_ __ _ _(_)_ __  __ _ \ \ \ \
( ( )\___ | '_ | '_| | '_ \/ _` | \ \ \ \
 \\/  ___)| |_)| | | | | || (_| |  ) ) ) )
  '  |____| .__|_| |_|_| |_\__, | / / / /
 =========|_|==============|___/=/_/_/_/

 :: Spring Boot ::                (v3.3.7)

2025-01-20T15:50:52.075+09:00  INFO 36644 --- [k8s_basic] [           main] basic.K8sBasicApplicationTests           : Starting K8sBasicApplicationTests using Java 17.0.12 with PID 36644 (started by khg36 in C:\OnDrive\OneDrive\수업\멋쟁이사자처럼 클라우드 엔지니어링 2기\CE\05.spring\k8s_basic\k8s_basic)
2025-01-20T15:50:52.077+09:00  INFO 36644 --- [k8s_basic] [           main] basic.K8sBasicApplicationTests           : No active profile set, falling back to 1 default profile: "default"
2025-01-20T15:50:53.584+09:00  INFO 36644 --- [k8s_basic] [           main] basic.K8sBasicApplicationTests           : Started K8sBasicApplicationTests in 1.904 seconds (process running for 2.978)
]]></system-out>
  </testcase>
</testsuite>